<?xml version="1.0" encoding="UTF-8"?>
<!-- Generated by org.testng.reporters.JUnitXMLReporter -->
<testsuite ignored="0" hostname="Suhails-MacDoo.local" failures="3" tests="3" name="Test" time="1.61" errors="0" timestamp="2023-06-03T16:54:57 IST">
  <testcase classname="io.cucumber.testng.AbstractTestNGCucumberTests" name="runScenario" time="0.068">
    <failure type="java.lang.IllegalStateException" message="Cannot stop.  Current container state was: CONSTRUCTED">
      <![CDATA[java.lang.IllegalStateException: Cannot stop.  Current container state was: CONSTRUCTED
at org.picocontainer.lifecycle.DefaultLifecycleState.stopping(DefaultLifecycleState.java:72)
at org.picocontainer.DefaultPicoContainer.stop(DefaultPicoContainer.java:794)
at io.cucumber.picocontainer.PicoFactory.stop(PicoFactory.java:37)
at io.cucumber.core.runner.Runner.disposeBackendWorlds(Runner.java:156)
at io.cucumber.core.runner.Runner.runPickle(Runner.java:78)
at io.cucumber.testng.TestNGCucumberRunner.lambda$runScenario$1(TestNGCucumberRunner.java:132)
at io.cucumber.core.runtime.CucumberExecutionContext.lambda$runTestCase$3(CucumberExecutionContext.java:151)
at io.cucumber.core.runtime.RethrowingThrowableCollector.executeAndThrow(RethrowingThrowableCollector.java:23)
at io.cucumber.core.runtime.CucumberExecutionContext.runTestCase(CucumberExecutionContext.java:151)
at io.cucumber.testng.TestNGCucumberRunner.runScenario(TestNGCucumberRunner.java:129)
at io.cucumber.testng.AbstractTestNGCucumberTests.runScenario(AbstractTestNGCucumberTests.java:35)
at java.base/java.util.ArrayList.forEach(ArrayList.java:1511)
... Removed 27 stack frames]]>
    </failure>
  </testcase> <!-- runScenario -->
  <testcase classname="io.cucumber.testng.AbstractTestNGCucumberTests" name="runScenario" time="0.004">
    <failure type="java.lang.IllegalStateException" message="Cannot stop.  Current container state was: CONSTRUCTED">
      <![CDATA[java.lang.IllegalStateException: Cannot stop.  Current container state was: CONSTRUCTED
at org.picocontainer.lifecycle.DefaultLifecycleState.stopping(DefaultLifecycleState.java:72)
at org.picocontainer.DefaultPicoContainer.stop(DefaultPicoContainer.java:794)
at io.cucumber.picocontainer.PicoFactory.stop(PicoFactory.java:37)
at io.cucumber.core.runner.Runner.disposeBackendWorlds(Runner.java:156)
at io.cucumber.core.runner.Runner.runPickle(Runner.java:78)
at io.cucumber.testng.TestNGCucumberRunner.lambda$runScenario$1(TestNGCucumberRunner.java:132)
at io.cucumber.core.runtime.CucumberExecutionContext.lambda$runTestCase$3(CucumberExecutionContext.java:151)
at io.cucumber.core.runtime.RethrowingThrowableCollector.executeAndThrow(RethrowingThrowableCollector.java:23)
at io.cucumber.core.runtime.CucumberExecutionContext.runTestCase(CucumberExecutionContext.java:151)
at io.cucumber.testng.TestNGCucumberRunner.runScenario(TestNGCucumberRunner.java:129)
at io.cucumber.testng.AbstractTestNGCucumberTests.runScenario(AbstractTestNGCucumberTests.java:35)
at java.base/java.util.ArrayList.forEach(ArrayList.java:1511)
... Removed 27 stack frames]]>
    </failure>
  </testcase> <!-- runScenario -->
  <testcase classname="io.cucumber.testng.AbstractTestNGCucumberTests" name="runScenario" time="0.006">
    <failure type="java.lang.IllegalStateException" message="Cannot stop.  Current container state was: CONSTRUCTED">
      <![CDATA[java.lang.IllegalStateException: Cannot stop.  Current container state was: CONSTRUCTED
at org.picocontainer.lifecycle.DefaultLifecycleState.stopping(DefaultLifecycleState.java:72)
at org.picocontainer.DefaultPicoContainer.stop(DefaultPicoContainer.java:794)
at io.cucumber.picocontainer.PicoFactory.stop(PicoFactory.java:37)
at io.cucumber.core.runner.Runner.disposeBackendWorlds(Runner.java:156)
at io.cucumber.core.runner.Runner.runPickle(Runner.java:78)
at io.cucumber.testng.TestNGCucumberRunner.lambda$runScenario$1(TestNGCucumberRunner.java:132)
at io.cucumber.core.runtime.CucumberExecutionContext.lambda$runTestCase$3(CucumberExecutionContext.java:151)
at io.cucumber.core.runtime.RethrowingThrowableCollector.executeAndThrow(RethrowingThrowableCollector.java:23)
at io.cucumber.core.runtime.CucumberExecutionContext.runTestCase(CucumberExecutionContext.java:151)
at io.cucumber.testng.TestNGCucumberRunner.runScenario(TestNGCucumberRunner.java:129)
at io.cucumber.testng.AbstractTestNGCucumberTests.runScenario(AbstractTestNGCucumberTests.java:35)
at java.base/java.util.ArrayList.forEach(ArrayList.java:1511)
... Removed 27 stack frames]]>
    </failure>
  </testcase> <!-- runScenario -->
</testsuite> <!-- Test -->
